<?xml version="1.0" encoding="UTF-8"?>
<!-- Generated by org.testng.reporters.JUnitReportReporter -->
<testsuite hostname="DESKTOP-0V45ASR" failures="0" tests="1" name="ddfDemos.EbayTest" time="15.864" errors="0" timestamp="2023-02-28T12:13:19 IST" skipped="0">
  <testcase classname="ddfDemos.EbayTest" name="add" time="15.864"/>
  <system-out>
    <![CDATA[Ebay search Test is Successful...]]>
  </system-out>
</testsuite> <!-- ddfDemos.EbayTest -->
