<?xml version="1.0" encoding="UTF-8"?>
<!-- Generated by org.testng.reporters.JUnitReportReporter -->
<testsuite hostname="DESKTOP-0V45ASR" failures="0" tests="1" name="ddfDemos.MyTest" time="8.800" errors="0" timestamp="2023-02-28T17:07:33 IST" skipped="0">
  <testcase classname="ddfDemos.MyTest" name="Search" time="8.800"/>
  <system-out>
    <![CDATA[Ebay product search test in a category is successful....]]>
  </system-out>
</testsuite> <!-- ddfDemos.MyTest -->
