<?xml version="1.0" encoding="UTF-8"?>
<!-- Generated by org.testng.reporters.JUnitReportReporter -->
<testsuite hostname="DESKTOP-0V45ASR" failures="0" tests="1" name="manasa.UsingAnnotations" time="5.756" errors="0" timestamp="2023-03-01T11:43:58 IST" skipped="0">
  <testcase classname="manasa.UsingAnnotations" name="search" time="5.756"/>
  <system-out/>
</testsuite> <!-- manasa.UsingAnnotations -->
